# JRE version: OpenJDK Runtime Environment (8.0_152-b01) (build 1.8.0_152-release-915-b01)
# Java VM: OpenJDK 64-Bit Server VM (25.152-b01 mixed mode linux-amd64 compressed oops)
Heap:
 PSYoungGen      total 288768K, used 10156K [0x00000000e0000000, 0x00000000f3000000, 0x0000000100000000)
  eden space 266752K, 0% used [0x00000000e0000000,0x00000000e0000000,0x00000000f0480000)
  from space 22016K, 46% used [0x00000000f0500000,0x00000000f0eeb0f0,0x00000000f1a80000)
  to   space 18944K, 0% used [0x00000000f1d80000,0x00000000f1d80000,0x00000000f3000000)
 ParOldGen       total 80896K, used 55302K [0x00000000a0000000, 0x00000000a4f00000, 0x00000000e0000000)
  object space 80896K, 68% used [0x00000000a0000000,0x00000000a3601b20,0x00000000a4f00000)
 Metaspace       used 66772K, capacity 69020K, committed 69208K, reserved 1110016K
  class space    used 8796K, capacity 9334K, committed 9344K, reserved 1048576K
GC Heap History (10 events):
Event: 20.182 GC heap after
Heap after GC invocations=13 (full 2):
 PSYoungGen      total 162304K, used 9709K [0x00000000e0000000, 0x00000000ee900000, 0x0000000100000000)
  eden space 152576K, 0% used [0x00000000e0000000,0x00000000e0000000,0x00000000e9500000)
  from space 9728K, 99% used [0x00000000e9500000,0x00000000e9e7b4f0,0x00000000e9e80000)
  to   space 13312K, 0% used [0x00000000edc00000,0x00000000edc00000,0x00000000ee900000)
 ParOldGen       total 43008K, used 21678K [0x00000000a0000000, 0x00000000a2a00000, 0x00000000e0000000)
  object space 43008K, 50% used [0x00000000a0000000,0x00000000a152b828,0x00000000a2a00000)
 Metaspace       used 46253K, capacity 47324K, committed 47576K, reserved 1089536K
  class space    used 6215K, capacity 6550K, committed 6656K, reserved 1048576K
}
Event: 25.092 GC heap before
{Heap before GC invocations=14 (full 2):
 PSYoungGen      total 162304K, used 162285K [0x00000000e0000000, 0x00000000ee900000, 0x0000000100000000)
  eden space 152576K, 100% used [0x00000000e0000000,0x00000000e9500000,0x00000000e9500000)
  from space 9728K, 99% used [0x00000000e9500000,0x00000000e9e7b4f0,0x00000000e9e80000)
  to   space 13312K, 0% used [0x00000000edc00000,0x00000000edc00000,0x00000000ee900000)
 ParOldGen       total 43008K, used 21678K [0x00000000a0000000, 0x00000000a2a00000, 0x00000000e0000000)
  object space 43008K, 50% used [0x00000000a0000000,0x00000000a152b828,0x00000000a2a00000)
 Metaspace       used 54812K, capacity 56612K, committed 56920K, reserved 1097728K
  class space    used 7467K, capacity 7982K, committed 8064K, reserved 1048576K
Event: 25.118 GC heap after
Heap after GC invocations=14 (full 2):
 PSYoungGen      total 219136K, used 13299K [0x00000000e0000000, 0x00000000ef100000, 0x0000000100000000)
  eden space 205824K, 0% used [0x00000000e0000000,0x00000000e0000000,0x00000000ec900000)
  from space 13312K, 99% used [0x00000000edc00000,0x00000000ee8fcc48,0x00000000ee900000)
  to   space 19456K, 0% used [0x00000000ec900000,0x00000000ec900000,0x00000000edc00000)
 ParOldGen       total 43008K, used 33156K [0x00000000a0000000, 0x00000000a2a00000, 0x00000000e0000000)
  object space 43008K, 77% used [0x00000000a0000000,0x00000000a20612f8,0x00000000a2a00000)
 Metaspace       used 54812K, capacity 56612K, committed 56920K, reserved 1097728K
  class space    used 7467K, capacity 7982K, committed 8064K, reserved 1048576K
}
Event: 34.300 GC heap before
{Heap before GC invocations=15 (full 2):
 PSYoungGen      total 219136K, used 92504K [0x00000000e0000000, 0x00000000ef100000, 0x0000000100000000)
  eden space 205824K, 38% used [0x00000000e0000000,0x00000000e4d596d0,0x00000000ec900000)
  from space 13312K, 99% used [0x00000000edc00000,0x00000000ee8fcc48,0x00000000ee900000)
  to   space 19456K, 0% used [0x00000000ec900000,0x00000000ec900000,0x00000000edc00000)
 ParOldGen       total 43008K, used 33156K [0x00000000a0000000, 0x00000000a2a00000, 0x00000000e0000000)
  object space 43008K, 77% used [0x00000000a0000000,0x00000000a20612f8,0x00000000a2a00000)
 Metaspace       used 57180K, capacity 58940K, committed 59028K, reserved 1099776K
  class space    used 7704K, capacity 8154K, committed 8192K, reserved 1048576K
Event: 34.335 GC heap after
Heap after GC invocations=15 (full 2):
 PSYoungGen      total 225280K, used 9294K [0x00000000e0000000, 0x00000000f3000000, 0x0000000100000000)
  eden space 205824K, 0% used [0x00000000e0000000,0x00000000e0000000,0x00000000ec900000)
  from space 19456K, 47% used [0x00000000ec900000,0x00000000ed213940,0x00000000edc00000)
  to   space 18944K, 0% used [0x00000000f1d80000,0x00000000f1d80000,0x00000000f3000000)
 ParOldGen       total 43008K, used 40743K [0x00000000a0000000, 0x00000000a2a00000, 0x00000000e0000000)
  object space 43008K, 94% used [0x00000000a0000000,0x00000000a27c9cf8,0x00000000a2a00000)
 Metaspace       used 57180K, capacity 58940K, committed 59028K, reserved 1099776K
  class space    used 7704K, capacity 8154K, committed 8192K, reserved 1048576K
}
Event: 34.335 GC heap before
{Heap before GC invocations=16 (full 3):
 PSYoungGen      total 225280K, used 9294K [0x00000000e0000000, 0x00000000f3000000, 0x0000000100000000)
  eden space 205824K, 0% used [0x00000000e0000000,0x00000000e0000000,0x00000000ec900000)
  from space 19456K, 47% used [0x00000000ec900000,0x00000000ed213940,0x00000000edc00000)
  to   space 18944K, 0% used [0x00000000f1d80000,0x00000000f1d80000,0x00000000f3000000)
 ParOldGen       total 43008K, used 40743K [0x00000000a0000000, 0x00000000a2a00000, 0x00000000e0000000)
  object space 43008K, 94% used [0x00000000a0000000,0x00000000a27c9cf8,0x00000000a2a00000)
 Metaspace       used 57180K, capacity 58940K, committed 59028K, reserved 1099776K
  class space    used 7704K, capacity 8154K, committed 8192K, reserved 1048576K
Event: 34.530 GC heap after
Heap after GC invocations=16 (full 3):
 PSYoungGen      total 225280K, used 0K [0x00000000e0000000, 0x00000000f3000000, 0x0000000100000000)
  eden space 205824K, 0% used [0x00000000e0000000,0x00000000e0000000,0x00000000ec900000)
  from space 19456K, 0% used [0x00000000ec900000,0x00000000ec900000,0x00000000edc00000)
  to   space 18944K, 0% used [0x00000000f1d80000,0x00000000f1d80000,0x00000000f3000000)
 ParOldGen       total 80896K, used 39939K [0x00000000a0000000, 0x00000000a4f00000, 0x00000000e0000000)
  object space 80896K, 49% used [0x00000000a0000000,0x00000000a2700ce8,0x00000000a4f00000)
 Metaspace       used 57180K, capacity 58940K, committed 59028K, reserved 1099776K
  class space    used 7704K, capacity 8154K, committed 8192K, reserved 1048576K
}
Event: 56.111 GC heap before
{Heap before GC invocations=17 (full 3):
 PSYoungGen      total 225280K, used 205824K [0x00000000e0000000, 0x00000000f3000000, 0x0000000100000000)
  eden space 205824K, 100% used [0x00000000e0000000,0x00000000ec900000,0x00000000ec900000)
  from space 19456K, 0% used [0x00000000ec900000,0x00000000ec900000,0x00000000edc00000)
  to   space 18944K, 0% used [0x00000000f1d80000,0x00000000f1d80000,0x00000000f3000000)
 ParOldGen       total 80896K, used 39939K [0x00000000a0000000, 0x00000000a4f00000, 0x00000000e0000000)
  object space 80896K, 49% used [0x00000000a0000000,0x00000000a2700ce8,0x00000000a4f00000)
 Metaspace       used 63850K, capacity 65926K, committed 66136K, reserved 1105920K
  class space    used 8539K, capacity 9077K, committed 9088K, reserved 1048576K
Event: 56.141 GC heap after
Heap after GC invocations=17 (full 3):
 PSYoungGen      total 285696K, used 18914K [0x00000000e0000000, 0x00000000f3000000, 0x0000000100000000)
  eden space 266752K, 0% used [0x00000000e0000000,0x00000000e0000000,0x00000000f0480000)
  from space 18944K, 99% used [0x00000000f1d80000,0x00000000f2ff88a0,0x00000000f3000000)
  to   space 22016K, 0% used [0x00000000f0500000,0x00000000f0500000,0x00000000f1a80000)
 ParOldGen       total 80896K, used 41069K [0x00000000a0000000, 0x00000000a4f00000, 0x00000000e0000000)
  object space 80896K, 50% used [0x00000000a0000000,0x00000000a281b7f0,0x00000000a4f00000)
 Metaspace       used 63850K, capacity 65926K, committed 66136K, reserved 1105920K
  class space    used 8539K, capacity 9077K, committed 9088K, reserved 1048576K
}
Event: 59.379 GC heap before
{Heap before GC invocations=18 (full 3):
 PSYoungGen      total 285696K, used 285653K [0x00000000e0000000, 0x00000000f3000000, 0x0000000100000000)
  eden space 266752K, 99% used [0x00000000e0000000,0x00000000f047cd58,0x00000000f0480000)
  from space 18944K, 99% used [0x00000000f1d80000,0x00000000f2ff88a0,0x00000000f3000000)
  to   space 22016K, 0% used [0x00000000f0500000,0x00000000f0500000,0x00000000f1a80000)
 ParOldGen       total 80896K, used 41069K [0x00000000a0000000, 0x00000000a4f00000, 0x00000000e0000000)
  object space 80896K, 50% used [0x00000000a0000000,0x00000000a281b7f0,0x00000000a4f00000)
 Metaspace       used 66772K, capacity 69020K, committed 69208K, reserved 1110016K
  class space    used 8796K, capacity 9334K, committed 9344K, reserved 1048576K

