# JRE version: OpenJDK Runtime Environment (8.0_152-b01) (build 1.8.0_152-release-915-b01)
# Java VM: OpenJDK 64-Bit Server VM (25.152-b01 mixed mode linux-amd64 compressed oops)
Heap:
 PSYoungGen      total 286720K, used 971K [0x00000000e0000000, 0x00000000f2b00000, 0x0000000100000000)
  eden space 267264K, 0% used [0x00000000e0000000,0x00000000e0000000,0x00000000f0500000)
  from space 19456K, 4% used [0x00000000f0500000,0x00000000f05f2eb0,0x00000000f1800000)
  to   space 15872K, 0% used [0x00000000f1b80000,0x00000000f1b80000,0x00000000f2b00000)
 ParOldGen       total 87552K, used 43762K [0x00000000a0000000, 0x00000000a5580000, 0x00000000e0000000)
  object space 87552K, 49% used [0x00000000a0000000,0x00000000a2abca90,0x00000000a5580000)
 Metaspace       used 62777K, capacity 65308K, committed 65496K, reserved 1105920K
  class space    used 8262K, capacity 8876K, committed 8960K, reserved 1048576K
GC Heap History (10 events):
Event: 39.767 GC heap after
Heap after GC invocations=28 (full 3):
 PSYoungGen      total 192000K, used 11768K [0x00000000e0000000, 0x00000000efe80000, 0x0000000100000000)
  eden space 180224K, 0% used [0x00000000e0000000,0x00000000e0000000,0x00000000eb000000)
  from space 11776K, 99% used [0x00000000eb000000,0x00000000ebb7e1c8,0x00000000ebb80000)
  to   space 18432K, 0% used [0x00000000eec80000,0x00000000eec80000,0x00000000efe80000)
 ParOldGen       total 71680K, used 47540K [0x00000000a0000000, 0x00000000a4600000, 0x00000000e0000000)
  object space 71680K, 66% used [0x00000000a0000000,0x00000000a2e6d048,0x00000000a4600000)
 Metaspace       used 59767K, capacity 62158K, committed 62296K, reserved 1103872K
  class space    used 7947K, capacity 8529K, committed 8576K, reserved 1048576K
}
Event: 40.619 GC heap before
{Heap before GC invocations=29 (full 3):
 PSYoungGen      total 192000K, used 191992K [0x00000000e0000000, 0x00000000efe80000, 0x0000000100000000)
  eden space 180224K, 100% used [0x00000000e0000000,0x00000000eb000000,0x00000000eb000000)
  from space 11776K, 99% used [0x00000000eb000000,0x00000000ebb7e1c8,0x00000000ebb80000)
  to   space 18432K, 0% used [0x00000000eec80000,0x00000000eec80000,0x00000000efe80000)
 ParOldGen       total 71680K, used 47540K [0x00000000a0000000, 0x00000000a4600000, 0x00000000e0000000)
  object space 71680K, 66% used [0x00000000a0000000,0x00000000a2e6d048,0x00000000a4600000)
 Metaspace       used 60010K, capacity 62350K, committed 62552K, reserved 1103872K
  class space    used 7951K, capacity 8529K, committed 8576K, reserved 1048576K
Event: 40.641 GC heap after
Heap after GC invocations=29 (full 3):
 PSYoungGen      total 239104K, used 17232K [0x00000000e0000000, 0x00000000f0380000, 0x0000000100000000)
  eden space 220672K, 0% used [0x00000000e0000000,0x00000000e0000000,0x00000000ed780000)
  from space 18432K, 93% used [0x00000000eec80000,0x00000000efd54078,0x00000000efe80000)
  to   space 21504K, 0% used [0x00000000ed780000,0x00000000ed780000,0x00000000eec80000)
 ParOldGen       total 71680K, used 54365K [0x00000000a0000000, 0x00000000a4600000, 0x00000000e0000000)
  object space 71680K, 75% used [0x00000000a0000000,0x00000000a35175a8,0x00000000a4600000)
 Metaspace       used 60010K, capacity 62350K, committed 62552K, reserved 1103872K
  class space    used 7951K, capacity 8529K, committed 8576K, reserved 1048576K
}
Event: 59.378 GC heap before
{Heap before GC invocations=30 (full 3):
 PSYoungGen      total 239104K, used 237904K [0x00000000e0000000, 0x00000000f0380000, 0x0000000100000000)
  eden space 220672K, 100% used [0x00000000e0000000,0x00000000ed780000,0x00000000ed780000)
  from space 18432K, 93% used [0x00000000eec80000,0x00000000efd54078,0x00000000efe80000)
  to   space 21504K, 0% used [0x00000000ed780000,0x00000000ed780000,0x00000000eec80000)
 ParOldGen       total 71680K, used 54365K [0x00000000a0000000, 0x00000000a4600000, 0x00000000e0000000)
  object space 71680K, 75% used [0x00000000a0000000,0x00000000a35175a8,0x00000000a4600000)
 Metaspace       used 61867K, capacity 64432K, committed 64600K, reserved 1105920K
  class space    used 8170K, capacity 8776K, committed 8832K, reserved 1048576K
Event: 59.440 GC heap after
Heap after GC invocations=30 (full 3):
 PSYoungGen      total 242176K, used 3017K [0x00000000e0000000, 0x00000000f2f80000, 0x0000000100000000)
  eden space 220672K, 0% used [0x00000000e0000000,0x00000000e0000000,0x00000000ed780000)
  from space 21504K, 14% used [0x00000000ed780000,0x00000000eda72530,0x00000000eec80000)
  to   space 20480K, 0% used [0x00000000f1b80000,0x00000000f1b80000,0x00000000f2f80000)
 ParOldGen       total 71680K, used 64881K [0x00000000a0000000, 0x00000000a4600000, 0x00000000e0000000)
  object space 71680K, 90% used [0x00000000a0000000,0x00000000a3f5c4a0,0x00000000a4600000)
 Metaspace       used 61867K, capacity 64432K, committed 64600K, reserved 1105920K
  class space    used 8170K, capacity 8776K, committed 8832K, reserved 1048576K
}
Event: 59.440 GC heap before
{Heap before GC invocations=31 (full 4):
 PSYoungGen      total 242176K, used 3017K [0x00000000e0000000, 0x00000000f2f80000, 0x0000000100000000)
  eden space 220672K, 0% used [0x00000000e0000000,0x00000000e0000000,0x00000000ed780000)
  from space 21504K, 14% used [0x00000000ed780000,0x00000000eda72530,0x00000000eec80000)
  to   space 20480K, 0% used [0x00000000f1b80000,0x00000000f1b80000,0x00000000f2f80000)
 ParOldGen       total 71680K, used 64881K [0x00000000a0000000, 0x00000000a4600000, 0x00000000e0000000)
  object space 71680K, 90% used [0x00000000a0000000,0x00000000a3f5c4a0,0x00000000a4600000)
 Metaspace       used 61867K, capacity 64432K, committed 64600K, reserved 1105920K
  class space    used 8170K, capacity 8776K, committed 8832K, reserved 1048576K
Event: 59.639 GC heap after
Heap after GC invocations=31 (full 4):
 PSYoungGen      total 242176K, used 0K [0x00000000e0000000, 0x00000000f2f80000, 0x0000000100000000)
  eden space 220672K, 0% used [0x00000000e0000000,0x00000000e0000000,0x00000000ed780000)
  from space 21504K, 0% used [0x00000000ed780000,0x00000000ed780000,0x00000000eec80000)
  to   space 20480K, 0% used [0x00000000f1b80000,0x00000000f1b80000,0x00000000f2f80000)
 ParOldGen       total 87552K, used 41279K [0x00000000a0000000, 0x00000000a5580000, 0x00000000e0000000)
  object space 87552K, 47% used [0x00000000a0000000,0x00000000a284fca8,0x00000000a5580000)
 Metaspace       used 61810K, capacity 64270K, committed 64600K, reserved 1105920K
  class space    used 8151K, capacity 8743K, committed 8832K, reserved 1048576K
}
Event: 78.364 GC heap before
{Heap before GC invocations=32 (full 4):
 PSYoungGen      total 242176K, used 220616K [0x00000000e0000000, 0x00000000f2f80000, 0x0000000100000000)
  eden space 220672K, 99% used [0x00000000e0000000,0x00000000ed772060,0x00000000ed780000)
  from space 21504K, 0% used [0x00000000ed780000,0x00000000ed780000,0x00000000eec80000)
  to   space 20480K, 0% used [0x00000000f1b80000,0x00000000f1b80000,0x00000000f2f80000)
 ParOldGen       total 87552K, used 41279K [0x00000000a0000000, 0x00000000a5580000, 0x00000000e0000000)
  object space 87552K, 47% used [0x00000000a0000000,0x00000000a284fca8,0x00000000a5580000)
 Metaspace       used 62735K, capacity 65240K, committed 65496K, reserved 1105920K
  class space    used 8260K, capacity 8874K, committed 8960K, reserved 1048576K
Event: 78.463 GC heap after
Heap after GC invocations=32 (full 4):
 PSYoungGen      total 283136K, used 5587K [0x00000000e0000000, 0x00000000f2b00000, 0x0000000100000000)
  eden space 267264K, 0% used [0x00000000e0000000,0x00000000e0000000,0x00000000f0500000)
  from space 15872K, 35% used [0x00000000f1b80000,0x00000000f20f4eb0,0x00000000f2b00000)
  to   space 19456K, 0% used [0x00000000f0500000,0x00000000f0500000,0x00000000f1800000)
 ParOldGen       total 87552K, used 41287K [0x00000000a0000000, 0x00000000a5580000, 0x00000000e0000000)
  object space 87552K, 47% used [0x00000000a0000000,0x00000000a2851ca8,0x00000000a5580000)
 Metaspace       used 62735K, capacity 65240K, committed 65496K, reserved 1105920K
  class space    used 8260K, capacity 8874K, committed 8960K, reserved 1048576K
}
Event: 78.681 GC heap before
{Heap before GC invocations=33 (full 4):
 PSYoungGen      total 283136K, used 272460K [0x00000000e0000000, 0x00000000f2b00000, 0x0000000100000000)
  eden space 267264K, 99% used [0x00000000e0000000,0x00000000f049e298,0x00000000f0500000)
  from space 15872K, 35% used [0x00000000f1b80000,0x00000000f20f4eb0,0x00000000f2b00000)
  to   space 19456K, 0% used [0x00000000f0500000,0x00000000f0500000,0x00000000f1800000)
 ParOldGen       total 87552K, used 41287K [0x00000000a0000000, 0x00000000a5580000, 0x00000000e0000000)
  object space 87552K, 47% used [0x00000000a0000000,0x00000000a2851ca8,0x00000000a5580000)
 Metaspace       used 62777K, capacity 65308K, committed 65496K, reserved 1105920K
  class space    used 8262K, capacity 8876K, committed 8960K, reserved 1048576K

